Performing C SOURCE FILE Test CMAKE_HAVE_LIBC_PTHREAD failed with the following output:
Change Dir: /home/wojtek/Desktop/Git/kulki/cmake-build-release/CMakeFiles/CMakeTmp

Run Build Command(s):/usr/bin/make -f Makefile cmTC_e0b1b/fast && /usr/bin/make  -f CMakeFiles/cmTC_e0b1b.dir/build.make CMakeFiles/cmTC_e0b1b.dir/build
make[1]: Wejście do katalogu '/home/wojtek/Desktop/Git/kulki/cmake-build-release/CMakeFiles/CMakeTmp'
Building C object CMakeFiles/cmTC_e0b1b.dir/src.c.o
/usr/local/bin/gcc -DCMAKE_HAVE_LIBC_PTHREAD   -o CMakeFiles/cmTC_e0b1b.dir/src.c.o -c /home/wojtek/Desktop/Git/kulki/cmake-build-release/CMakeFiles/CMakeTmp/src.c
Linking C executable cmTC_e0b1b
/home/wojtek/clion/bin/cmake/linux/bin/cmake -E cmake_link_script CMakeFiles/cmTC_e0b1b.dir/link.txt --verbose=1
/usr/local/bin/gcc CMakeFiles/cmTC_e0b1b.dir/src.c.o -o cmTC_e0b1b 
/usr/bin/ld: CMakeFiles/cmTC_e0b1b.dir/src.c.o: in function `main':
src.c:(.text+0x2d): undefined reference to `pthread_create'
/usr/bin/ld: src.c:(.text+0x39): undefined reference to `pthread_detach'
/usr/bin/ld: src.c:(.text+0x45): undefined reference to `pthread_cancel'
/usr/bin/ld: src.c:(.text+0x56): undefined reference to `pthread_join'
collect2: error: ld returned 1 exit status
make[1]: *** [CMakeFiles/cmTC_e0b1b.dir/build.make:99: cmTC_e0b1b] Błąd 1
make[1]: Opuszczenie katalogu '/home/wojtek/Desktop/Git/kulki/cmake-build-release/CMakeFiles/CMakeTmp'
make: *** [Makefile:127: cmTC_e0b1b/fast] Błąd 2


Source file was:
#include <pthread.h>

static void* test_func(void* data)
{
  return data;
}

int main(void)
{
  pthread_t thread;
  pthread_create(&thread, NULL, test_func, NULL);
  pthread_detach(thread);
  pthread_cancel(thread);
  pthread_join(thread, NULL);
  pthread_atfork(NULL, NULL, NULL);
  pthread_exit(NULL);

  return 0;
}

